This file contains any messages produced by compilers while
running configure, to aid debugging if configure makes a mistake.

It was created by configure, which was
generated by GNU Autoconf 2.65.  Invocation command line was

  $ ./configure 

## --------- ##
## Platform. ##
## --------- ##

hostname = isel-virtual-machine
uname -m = x86_64
uname -r = 3.19.0-26-generic
uname -s = Linux
uname -v = #28~14.04.1-Ubuntu SMP Wed Aug 12 14:09:17 UTC 2015

/usr/bin/uname -p = unknown
/bin/uname -X     = unknown

/bin/arch              = unknown
/usr/bin/arch -k       = unknown
/usr/convex/getsysinfo = unknown
/usr/bin/hostinfo      = unknown
/bin/machine           = unknown
/usr/bin/oslevel       = unknown
/bin/universe          = unknown

PATH: /usr/local/sbin
PATH: /usr/local/bin
PATH: /usr/sbin
PATH: /usr/bin
PATH: /sbin
PATH: /bin
PATH: /usr/games
PATH: /usr/local/games


## ----------- ##
## Core tests. ##
## ----------- ##

configure:2407: checking build system type
configure:2421: result: x86_64-unknown-linux-gnu
configure:2441: checking host system type
configure:2454: result: x86_64-unknown-linux-gnu
configure:2495: checking how to print strings
configure:2522: result: printf
configure:2591: checking for gcc
configure:2607: found /usr/bin/gcc
configure:2618: result: gcc
configure:2847: checking for C compiler version
configure:2856: gcc --version >&5
gcc (Ubuntu 4.8.4-2ubuntu1~14.04) 4.8.4
Copyright (C) 2013 Free Software Foundation, Inc.
This is free software; see the source for copying conditions.  There is NO
warranty; not even for MERCHANTABILITY or FITNESS FOR A PARTICULAR PURPOSE.

configure:2867: $? = 0
configure:2856: gcc -v >&5
Using built-in specs.
COLLECT_GCC=gcc
COLLECT_LTO_WRAPPER=/usr/lib/gcc/x86_64-linux-gnu/4.8/lto-wrapper
Target: x86_64-linux-gnu
Configured with: ../src/configure -v --with-pkgversion='Ubuntu 4.8.4-2ubuntu1~14.04' --with-bugurl=file:///usr/share/doc/gcc-4.8/README.Bugs --enable-languages=c,c++,java,go,d,fortran,objc,obj-c++ --prefix=/usr --program-suffix=-4.8 --enable-shared --enable-linker-build-id --libexecdir=/usr/lib --without-included-gettext --enable-threads=posix --with-gxx-include-dir=/usr/include/c++/4.8 --libdir=/usr/lib --enable-nls --with-sysroot=/ --enable-clocale=gnu --enable-libstdcxx-debug --enable-libstdcxx-time=yes --enable-gnu-unique-object --disable-libmudflap --enable-plugin --with-system-zlib --disable-browser-plugin --enable-java-awt=gtk --enable-gtk-cairo --with-java-home=/usr/lib/jvm/java-1.5.0-gcj-4.8-amd64/jre --enable-java-home --with-jvm-root-dir=/usr/lib/jvm/java-1.5.0-gcj-4.8-amd64 --with-jvm-jar-dir=/usr/lib/jvm-exports/java-1.5.0-gcj-4.8-amd64 --with-arch-directory=amd64 --with-ecj-jar=/usr/share/java/eclipse-ecj.jar --enable-objc-gc --enable-multiarch --disable-werror --with-arch-32=i686 --with-abi=m64 --with-multilib-list=m32,m64,mx32 --with-tune=generic --enable-checking=release --build=x86_64-linux-gnu --host=x86_64-linux-gnu --target=x86_64-linux-gnu
Thread model: posix
gcc version 4.8.4 (Ubuntu 4.8.4-2ubuntu1~14.04) 
configure:2867: $? = 0
configure:2856: gcc -V >&5
gcc: error: unrecognized command line option '-V'
gcc: fatal error: no input files
compilation terminated.
configure:2867: $? = 4
configure:2856: gcc -qversion >&5
gcc: error: unrecognized command line option '-qversion'
gcc: fatal error: no input files
compilation terminated.
configure:2867: $? = 4
configure:2887: checking whether the C compiler works
configure:2909: gcc    conftest.c  >&5
configure:2913: $? = 0
configure:2962: result: yes
configure:2965: checking for C compiler default output file name
configure:2967: result: a.out
configure:2973: checking for suffix of executables
configure:2980: gcc -o conftest    conftest.c  >&5
configure:2984: $? = 0
configure:3006: result: 
configure:3028: checking whether we are cross compiling
configure:3036: gcc -o conftest    conftest.c  >&5
configure:3040: $? = 0
configure:3047: ./conftest
configure:3051: $? = 0
configure:3066: result: no
configure:3071: checking for suffix of object files
configure:3093: gcc -c   conftest.c >&5
configure:3097: $? = 0
configure:3118: result: o
configure:3122: checking whether we are using the GNU C compiler
configure:3141: gcc -c   conftest.c >&5
configure:3141: $? = 0
configure:3150: result: yes
configure:3159: checking whether gcc accepts -g
configure:3179: gcc -c -g  conftest.c >&5
configure:3179: $? = 0
configure:3220: result: yes
configure:3237: checking for gcc option to accept ISO C89
configure:3301: gcc  -c -g -O2  conftest.c >&5
configure:3301: $? = 0
configure:3314: result: none needed
configure:3334: checking for a sed that does not truncate output
configure:3398: result: /bin/sed
configure:3416: checking for grep that handles long lines and -e
configure:3474: result: /bin/grep
configure:3479: checking for egrep
configure:3541: result: /bin/grep -E
configure:3546: checking for fgrep
configure:3608: result: /bin/grep -F
configure:3643: checking for ld used by gcc
configure:3710: result: /usr/bin/ld
configure:3717: checking if the linker (/usr/bin/ld) is GNU ld
configure:3732: result: yes
configure:3744: checking for BSD- or MS-compatible name lister (nm)
configure:3793: result: /usr/bin/nm -B
configure:3923: checking the name lister (/usr/bin/nm -B) interface
configure:3930: gcc -c -g -O2  conftest.c >&5
configure:3933: /usr/bin/nm -B "conftest.o"
configure:3936: output
0000000000000000 B some_variable
configure:3943: result: BSD nm
configure:3946: checking whether ln -s works
configure:3950: result: yes
configure:3958: checking the maximum length of command line arguments
configure:4083: result: 1572864
configure:4100: checking whether the shell understands some XSI constructs
configure:4110: result: yes
configure:4114: checking whether the shell understands "+="
configure:4120: result: yes
configure:4155: checking how to convert x86_64-unknown-linux-gnu file names to x86_64-unknown-linux-gnu format
configure:4195: result: func_convert_file_noop
configure:4202: checking how to convert x86_64-unknown-linux-gnu file names to toolchain format
configure:4222: result: func_convert_file_noop
configure:4229: checking for /usr/bin/ld option to reload object files
configure:4236: result: -r
configure:4310: checking for objdump
configure:4326: found /usr/bin/objdump
configure:4337: result: objdump
configure:4366: checking how to recognize dependent libraries
configure:4568: result: pass_all
configure:4653: checking for dlltool
configure:4683: result: no
configure:4710: checking how to associate runtime and link libraries
configure:4737: result: printf %s\n
configure:4798: checking for ar
configure:4814: found /usr/bin/ar
configure:4825: result: ar
configure:4862: checking for archiver @FILE support
configure:4879: gcc -c -g -O2  conftest.c >&5
configure:4879: $? = 0
configure:4882: ar cru libconftest.a @conftest.lst >&5
configure:4885: $? = 0
configure:4890: ar cru libconftest.a @conftest.lst >&5
ar: conftest.o: No such file or directory
configure:4893: $? = 1
configure:4905: result: @
configure:4963: checking for strip
configure:4979: found /usr/bin/strip
configure:4990: result: strip
configure:5062: checking for ranlib
configure:5078: found /usr/bin/ranlib
configure:5089: result: ranlib
configure:5166: checking for gawk
configure:5196: result: no
configure:5166: checking for mawk
configure:5182: found /usr/bin/mawk
configure:5193: result: mawk
configure:5233: checking command to parse /usr/bin/nm -B output from gcc object
configure:5352: gcc -c -g -O2  conftest.c >&5
configure:5355: $? = 0
configure:5359: /usr/bin/nm -B conftest.o \| sed -n -e 's/^.*[ ]\([ABCDGIRSTW][ABCDGIRSTW]*\)[ ][ ]*\([_A-Za-z][_A-Za-z0-9]*\)$/\1 \2 \2/p' | sed '/ __gnu_lto/d' \> conftest.nm
configure:5362: $? = 0
configure:5428: gcc -o conftest -g -O2   conftest.c conftstm.o >&5
configure:5431: $? = 0
configure:5469: result: ok
configure:5506: checking for sysroot
configure:5536: result: no
configure:5613: gcc -c -g -O2  conftest.c >&5
configure:5616: $? = 0
configure:5779: checking for mt
configure:5795: found /bin/mt
configure:5806: result: mt
configure:5829: checking if mt is a manifest tool
configure:5835: mt '-?'
configure:5843: result: no
configure:6475: checking how to run the C preprocessor
configure:6506: gcc -E  conftest.c
configure:6506: $? = 0
configure:6520: gcc -E  conftest.c
conftest.c:9:28: fatal error: ac_nonexistent.h: No such file or directory
 #include <ac_nonexistent.h>
                            ^
compilation terminated.
configure:6520: $? = 1
configure: failed program was:
| /* confdefs.h */
| #define PACKAGE_NAME ""
| #define PACKAGE_TARNAME ""
| #define PACKAGE_VERSION ""
| #define PACKAGE_STRING ""
| #define PACKAGE_BUGREPORT ""
| #define PACKAGE_URL ""
| /* end confdefs.h.  */
| #include <ac_nonexistent.h>
configure:6545: result: gcc -E
configure:6565: gcc -E  conftest.c
configure:6565: $? = 0
configure:6579: gcc -E  conftest.c
conftest.c:9:28: fatal error: ac_nonexistent.h: No such file or directory
 #include <ac_nonexistent.h>
                            ^
compilation terminated.
configure:6579: $? = 1
configure: failed program was:
| /* confdefs.h */
| #define PACKAGE_NAME ""
| #define PACKAGE_TARNAME ""
| #define PACKAGE_VERSION ""
| #define PACKAGE_STRING ""
| #define PACKAGE_BUGREPORT ""
| #define PACKAGE_URL ""
| /* end confdefs.h.  */
| #include <ac_nonexistent.h>
configure:6608: checking for ANSI C header files
configure:6628: gcc -c -g -O2  conftest.c >&5
configure:6628: $? = 0
configure:6701: gcc -o conftest -g -O2   conftest.c  >&5
configure:6701: $? = 0
configure:6701: ./conftest
configure:6701: $? = 0
configure:6712: result: yes
configure:6725: checking for sys/types.h
configure:6725: gcc -c -g -O2  conftest.c >&5
configure:6725: $? = 0
configure:6725: result: yes
configure:6725: checking for sys/stat.h
configure:6725: gcc -c -g -O2  conftest.c >&5
configure:6725: $? = 0
configure:6725: result: yes
configure:6725: checking for stdlib.h
configure:6725: gcc -c -g -O2  conftest.c >&5
configure:6725: $? = 0
configure:6725: result: yes
configure:6725: checking for string.h
configure:6725: gcc -c -g -O2  conftest.c >&5
configure:6725: $? = 0
configure:6725: result: yes
configure:6725: checking for memory.h
configure:6725: gcc -c -g -O2  conftest.c >&5
configure:6725: $? = 0
configure:6725: result: yes
configure:6725: checking for strings.h
configure:6725: gcc -c -g -O2  conftest.c >&5
configure:6725: $? = 0
configure:6725: result: yes
configure:6725: checking for inttypes.h
configure:6725: gcc -c -g -O2  conftest.c >&5
configure:6725: $? = 0
configure:6725: result: yes
configure:6725: checking for stdint.h
configure:6725: gcc -c -g -O2  conftest.c >&5
configure:6725: $? = 0
configure:6725: result: yes
configure:6725: checking for unistd.h
configure:6725: gcc -c -g -O2  conftest.c >&5
configure:6725: $? = 0
configure:6725: result: yes
configure:6740: checking for dlfcn.h
configure:6740: gcc -c -g -O2  conftest.c >&5
configure:6740: $? = 0
configure:6740: result: yes
configure:7225: checking for objdir
configure:7240: result: .libs
configure:7511: checking if gcc supports -fno-rtti -fno-exceptions
configure:7529: gcc -c -g -O2  -fno-rtti -fno-exceptions conftest.c >&5
cc1: warning: command line option '-fno-rtti' is valid for C++/ObjC++ but not for C [enabled by default]
configure:7533: $? = 0
configure:7546: result: no
configure:7856: checking for gcc option to produce PIC
configure:7863: result: -fPIC -DPIC
configure:7871: checking if gcc PIC flag -fPIC -DPIC works
configure:7889: gcc -c -g -O2  -fPIC -DPIC -DPIC conftest.c >&5
configure:7893: $? = 0
configure:7906: result: yes
configure:7935: checking if gcc static flag -static works
configure:7963: result: yes
configure:7978: checking if gcc supports -c -o file.o
configure:7999: gcc -c -g -O2  -o out/conftest2.o conftest.c >&5
configure:8003: $? = 0
configure:8025: result: yes
configure:8033: checking if gcc supports -c -o file.o
configure:8080: result: yes
configure:8113: checking whether the gcc linker (/usr/bin/ld -m elf_x86_64) supports shared libraries
configure:9271: result: yes
configure:9308: checking whether -lc should be explicitly linked in
configure:9316: gcc -c -g -O2  conftest.c >&5
configure:9319: $? = 0
configure:9334: gcc -shared  -fPIC -DPIC conftest.o  -v -Wl,-soname -Wl,conftest -o conftest 2\>\&1 \| /bin/grep  -lc  \>/dev/null 2\>\&1
configure:9337: $? = 0
configure:9351: result: no
configure:9516: checking dynamic linker characteristics
configure:10030: gcc -o conftest -g -O2   -Wl,-rpath -Wl,/foo conftest.c  >&5
configure:10030: $? = 0
configure:10252: result: GNU/Linux ld.so
configure:10359: checking how to hardcode library paths into programs
configure:10384: result: immediate
configure:10924: checking whether stripping libraries is possible
configure:10929: result: yes
configure:10964: checking if libtool supports shared libraries
configure:10966: result: yes
configure:10969: checking whether to build shared libraries
configure:10990: result: yes
configure:10993: checking whether to build static libraries
configure:10997: result: yes
configure:11061: checking for a BSD-compatible install
configure:11129: result: /usr/bin/install -c
configure:11140: checking whether build environment is sane
configure:11190: result: yes
configure:11331: checking for a thread-safe mkdir -p
configure:11370: result: /bin/mkdir -p
configure:11379: checking whether make sets $(MAKE)
configure:11401: result: yes
configure:11431: checking for style of include used by make
configure:11459: result: GNU
configure:11544: checking dependency style of gcc
configure:11654: result: gcc3
configure:11720: checking for gcc
configure:11747: result: gcc
configure:11976: checking for C compiler version
configure:11985: gcc --version >&5
gcc (Ubuntu 4.8.4-2ubuntu1~14.04) 4.8.4
Copyright (C) 2013 Free Software Foundation, Inc.
This is free software; see the source for copying conditions.  There is NO
warranty; not even for MERCHANTABILITY or FITNESS FOR A PARTICULAR PURPOSE.

configure:11996: $? = 0
configure:11985: gcc -v >&5
Using built-in specs.
COLLECT_GCC=gcc
COLLECT_LTO_WRAPPER=/usr/lib/gcc/x86_64-linux-gnu/4.8/lto-wrapper
Target: x86_64-linux-gnu
Configured with: ../src/configure -v --with-pkgversion='Ubuntu 4.8.4-2ubuntu1~14.04' --with-bugurl=file:///usr/share/doc/gcc-4.8/README.Bugs --enable-languages=c,c++,java,go,d,fortran,objc,obj-c++ --prefix=/usr --program-suffix=-4.8 --enable-shared --enable-linker-build-id --libexecdir=/usr/lib --without-included-gettext --enable-threads=posix --with-gxx-include-dir=/usr/include/c++/4.8 --libdir=/usr/lib --enable-nls --with-sysroot=/ --enable-clocale=gnu --enable-libstdcxx-debug --enable-libstdcxx-time=yes --enable-gnu-unique-object --disable-libmudflap --enable-plugin --with-system-zlib --disable-browser-plugin --enable-java-awt=gtk --enable-gtk-cairo --with-java-home=/usr/lib/jvm/java-1.5.0-gcj-4.8-amd64/jre --enable-java-home --with-jvm-root-dir=/usr/lib/jvm/java-1.5.0-gcj-4.8-amd64 --with-jvm-jar-dir=/usr/lib/jvm-exports/java-1.5.0-gcj-4.8-amd64 --with-arch-directory=amd64 --with-ecj-jar=/usr/share/java/eclipse-ecj.jar --enable-objc-gc --enable-multiarch --disable-werror --with-arch-32=i686 --with-abi=m64 --with-multilib-list=m32,m64,mx32 --with-tune=generic --enable-checking=release --build=x86_64-linux-gnu --host=x86_64-linux-gnu --target=x86_64-linux-gnu
Thread model: posix
gcc version 4.8.4 (Ubuntu 4.8.4-2ubuntu1~14.04) 
configure:11996: $? = 0
configure:11985: gcc -V >&5
gcc: error: unrecognized command line option '-V'
gcc: fatal error: no input files
compilation terminated.
configure:11996: $? = 4
configure:11985: gcc -qversion >&5
gcc: error: unrecognized command line option '-qversion'
gcc: fatal error: no input files
compilation terminated.
configure:11996: $? = 4
configure:12000: checking whether we are using the GNU C compiler
configure:12028: result: yes
configure:12037: checking whether gcc accepts -g
configure:12098: result: yes
configure:12115: checking for gcc option to accept ISO C89
configure:12192: result: none needed
configure:12266: checking for gcc
configure:12282: found /usr/bin/gcc
configure:12293: result: gcc
configure:12318: checking for Objective C compiler version
configure:12327: gcc --version >&5
gcc (Ubuntu 4.8.4-2ubuntu1~14.04) 4.8.4
Copyright (C) 2013 Free Software Foundation, Inc.
This is free software; see the source for copying conditions.  There is NO
warranty; not even for MERCHANTABILITY or FITNESS FOR A PARTICULAR PURPOSE.

configure:12338: $? = 0
configure:12327: gcc -v >&5
Using built-in specs.
COLLECT_GCC=gcc
COLLECT_LTO_WRAPPER=/usr/lib/gcc/x86_64-linux-gnu/4.8/lto-wrapper
Target: x86_64-linux-gnu
Configured with: ../src/configure -v --with-pkgversion='Ubuntu 4.8.4-2ubuntu1~14.04' --with-bugurl=file:///usr/share/doc/gcc-4.8/README.Bugs --enable-languages=c,c++,java,go,d,fortran,objc,obj-c++ --prefix=/usr --program-suffix=-4.8 --enable-shared --enable-linker-build-id --libexecdir=/usr/lib --without-included-gettext --enable-threads=posix --with-gxx-include-dir=/usr/include/c++/4.8 --libdir=/usr/lib --enable-nls --with-sysroot=/ --enable-clocale=gnu --enable-libstdcxx-debug --enable-libstdcxx-time=yes --enable-gnu-unique-object --disable-libmudflap --enable-plugin --with-system-zlib --disable-browser-plugin --enable-java-awt=gtk --enable-gtk-cairo --with-java-home=/usr/lib/jvm/java-1.5.0-gcj-4.8-amd64/jre --enable-java-home --with-jvm-root-dir=/usr/lib/jvm/java-1.5.0-gcj-4.8-amd64 --with-jvm-jar-dir=/usr/lib/jvm-exports/java-1.5.0-gcj-4.8-amd64 --with-arch-directory=amd64 --with-ecj-jar=/usr/share/java/eclipse-ecj.jar --enable-objc-gc --enable-multiarch --disable-werror --with-arch-32=i686 --with-abi=m64 --with-multilib-list=m32,m64,mx32 --with-tune=generic --enable-checking=release --build=x86_64-linux-gnu --host=x86_64-linux-gnu --target=x86_64-linux-gnu
Thread model: posix
gcc version 4.8.4 (Ubuntu 4.8.4-2ubuntu1~14.04) 
configure:12338: $? = 0
configure:12327: gcc -V >&5
gcc: error: unrecognized command line option '-V'
gcc: fatal error: no input files
compilation terminated.
configure:12338: $? = 4
configure:12327: gcc -qversion >&5
gcc: error: unrecognized command line option '-qversion'
gcc: fatal error: no input files
compilation terminated.
configure:12338: $? = 4
configure:12342: checking whether we are using the GNU Objective C compiler
configure:12361: gcc -c   conftest.m >&5
gcc: error trying to exec 'cc1obj': execvp: No such file or directory
configure:12361: $? = 1
configure: failed program was:
| /* confdefs.h */
| #define PACKAGE_NAME ""
| #define PACKAGE_TARNAME ""
| #define PACKAGE_VERSION ""
| #define PACKAGE_STRING ""
| #define PACKAGE_BUGREPORT ""
| #define PACKAGE_URL ""
| #define STDC_HEADERS 1
| #define HAVE_SYS_TYPES_H 1
| #define HAVE_SYS_STAT_H 1
| #define HAVE_STDLIB_H 1
| #define HAVE_STRING_H 1
| #define HAVE_MEMORY_H 1
| #define HAVE_STRINGS_H 1
| #define HAVE_INTTYPES_H 1
| #define HAVE_STDINT_H 1
| #define HAVE_UNISTD_H 1
| #define HAVE_DLFCN_H 1
| #define LT_OBJDIR ".libs/"
| #define PACKAGE "SDL2_gfx"
| #define VERSION "1.0.1"
| /* end confdefs.h.  */
| 
| int
| main ()
| {
| #ifndef __GNUC__
|        choke me
| #endif
| 
|   ;
|   return 0;
| }
configure:12370: result: no
configure:12379: checking whether gcc accepts -g
configure:12399: gcc -c -g  conftest.m >&5
gcc: error trying to exec 'cc1obj': execvp: No such file or directory
configure:12399: $? = 1
configure: failed program was:
| /* confdefs.h */
| #define PACKAGE_NAME ""
| #define PACKAGE_TARNAME ""
| #define PACKAGE_VERSION ""
| #define PACKAGE_STRING ""
| #define PACKAGE_BUGREPORT ""
| #define PACKAGE_URL ""
| #define STDC_HEADERS 1
| #define HAVE_SYS_TYPES_H 1
| #define HAVE_SYS_STAT_H 1
| #define HAVE_STDLIB_H 1
| #define HAVE_STRING_H 1
| #define HAVE_MEMORY_H 1
| #define HAVE_STRINGS_H 1
| #define HAVE_INTTYPES_H 1
| #define HAVE_STDINT_H 1
| #define HAVE_UNISTD_H 1
| #define HAVE_DLFCN_H 1
| #define LT_OBJDIR ".libs/"
| #define PACKAGE "SDL2_gfx"
| #define VERSION "1.0.1"
| /* end confdefs.h.  */
| 
| int
| main ()
| {
| 
|   ;
|   return 0;
| }
configure:12414: gcc -c   conftest.m >&5
gcc: error trying to exec 'cc1obj': execvp: No such file or directory
configure:12414: $? = 1
configure: failed program was:
| /* confdefs.h */
| #define PACKAGE_NAME ""
| #define PACKAGE_TARNAME ""
| #define PACKAGE_VERSION ""
| #define PACKAGE_STRING ""
| #define PACKAGE_BUGREPORT ""
| #define PACKAGE_URL ""
| #define STDC_HEADERS 1
| #define HAVE_SYS_TYPES_H 1
| #define HAVE_SYS_STAT_H 1
| #define HAVE_STDLIB_H 1
| #define HAVE_STRING_H 1
| #define HAVE_MEMORY_H 1
| #define HAVE_STRINGS_H 1
| #define HAVE_INTTYPES_H 1
| #define HAVE_STDINT_H 1
| #define HAVE_UNISTD_H 1
| #define HAVE_DLFCN_H 1
| #define LT_OBJDIR ".libs/"
| #define PACKAGE "SDL2_gfx"
| #define VERSION "1.0.1"
| /* end confdefs.h.  */
| 
| int
| main ()
| {
| 
|   ;
|   return 0;
| }
configure:12430: gcc -c -g  conftest.m >&5
gcc: error trying to exec 'cc1obj': execvp: No such file or directory
configure:12430: $? = 1
configure: failed program was:
| /* confdefs.h */
| #define PACKAGE_NAME ""
| #define PACKAGE_TARNAME ""
| #define PACKAGE_VERSION ""
| #define PACKAGE_STRING ""
| #define PACKAGE_BUGREPORT ""
| #define PACKAGE_URL ""
| #define STDC_HEADERS 1
| #define HAVE_SYS_TYPES_H 1
| #define HAVE_SYS_STAT_H 1
| #define HAVE_STDLIB_H 1
| #define HAVE_STRING_H 1
| #define HAVE_MEMORY_H 1
| #define HAVE_STRINGS_H 1
| #define HAVE_INTTYPES_H 1
| #define HAVE_STDINT_H 1
| #define HAVE_UNISTD_H 1
| #define HAVE_DLFCN_H 1
| #define LT_OBJDIR ".libs/"
| #define PACKAGE "SDL2_gfx"
| #define VERSION "1.0.1"
| /* end confdefs.h.  */
| 
| int
| main ()
| {
| 
|   ;
|   return 0;
| }
configure:12440: result: no
configure:12465: checking dependency style of gcc
configure:12573: result: gcc3
configure:12588: checking for inline
configure:12604: gcc -c -g -O2  conftest.c >&5
configure:12604: $? = 0
configure:12612: result: inline
configure:12631: checking whether make sets $(MAKE)
configure:12653: result: yes
configure:12671: checking for windres
configure:12701: result: no
configure:12671: checking for linux-gnu-windres
configure:12701: result: no
configure:12779: checking size of long
configure:12784: gcc -o conftest -g -O2 -O -DUSE_MMX   conftest.c  >&5
configure:12784: $? = 0
configure:12784: ./conftest
configure:12784: $? = 0
configure:12799: result: 8
configure:12865: checking for pkg-config
configure:12898: result: no
configure:12961: checking for SDL
configure:13056: checking for sdl2-config
configure:13074: found /usr/local/bin/sdl2-config
configure:13087: result: /usr/local/bin/sdl2-config
configure:13096: checking for SDL - version >= 2.0.0
configure:13184: gcc -o conftest -g -O2 -O -DUSE_MMX -I/usr/local/include/SDL2 -D_REENTRANT   conftest.c  -L/usr/local/lib -Wl,-rpath,/usr/local/lib -lSDL2 -lpthread >&5
configure:13184: $? = 0
configure:13184: ./conftest
configure:13184: $? = 0
configure:13199: result: yes
configure:13442: creating ./config.status

## ---------------------- ##
## Running config.status. ##
## ---------------------- ##

This file was extended by config.status, which was
generated by GNU Autoconf 2.65.  Invocation command line was

  CONFIG_FILES    = 
  CONFIG_HEADERS  = 
  CONFIG_LINKS    = 
  CONFIG_COMMANDS = 
  $ ./config.status 

on isel-virtual-machine

config.status:1024: creating Makefile
config.status:1024: creating SDL2_gfx.pc
config.status:1187: executing libtool commands
config.status:1187: executing depfiles commands

## ---------------- ##
## Cache variables. ##
## ---------------- ##

ac_cv_build=x86_64-unknown-linux-gnu
ac_cv_c_compiler_gnu=yes
ac_cv_c_inline=inline
ac_cv_env_CC_set=
ac_cv_env_CC_value=
ac_cv_env_CFLAGS_set=
ac_cv_env_CFLAGS_value=
ac_cv_env_CPPFLAGS_set=
ac_cv_env_CPPFLAGS_value=
ac_cv_env_CPP_set=
ac_cv_env_CPP_value=
ac_cv_env_LDFLAGS_set=
ac_cv_env_LDFLAGS_value=
ac_cv_env_LIBS_set=
ac_cv_env_LIBS_value=
ac_cv_env_OBJCFLAGS_set=
ac_cv_env_OBJCFLAGS_value=
ac_cv_env_OBJC_set=
ac_cv_env_OBJC_value=
ac_cv_env_PKG_CONFIG_set=
ac_cv_env_PKG_CONFIG_value=
ac_cv_env_SDL_CFLAGS_set=
ac_cv_env_SDL_CFLAGS_value=
ac_cv_env_SDL_LIBS_set=
ac_cv_env_SDL_LIBS_value=
ac_cv_env_build_alias_set=
ac_cv_env_build_alias_value=
ac_cv_env_host_alias_set=
ac_cv_env_host_alias_value=
ac_cv_env_target_alias_set=
ac_cv_env_target_alias_value=
ac_cv_header_dlfcn_h=yes
ac_cv_header_inttypes_h=yes
ac_cv_header_memory_h=yes
ac_cv_header_stdc=yes
ac_cv_header_stdint_h=yes
ac_cv_header_stdlib_h=yes
ac_cv_header_string_h=yes
ac_cv_header_strings_h=yes
ac_cv_header_sys_stat_h=yes
ac_cv_header_sys_types_h=yes
ac_cv_header_unistd_h=yes
ac_cv_host=x86_64-unknown-linux-gnu
ac_cv_objc_compiler_gnu=no
ac_cv_objext=o
ac_cv_path_EGREP='/bin/grep -E'
ac_cv_path_FGREP='/bin/grep -F'
ac_cv_path_GREP=/bin/grep
ac_cv_path_SDL_CONFIG=/usr/local/bin/sdl2-config
ac_cv_path_SED=/bin/sed
ac_cv_path_install='/usr/bin/install -c'
ac_cv_path_mkdir=/bin/mkdir
ac_cv_prog_AWK=mawk
ac_cv_prog_CPP='gcc -E'
ac_cv_prog_ac_ct_AR=ar
ac_cv_prog_ac_ct_CC=gcc
ac_cv_prog_ac_ct_MANIFEST_TOOL=mt
ac_cv_prog_ac_ct_OBJC=gcc
ac_cv_prog_ac_ct_OBJDUMP=objdump
ac_cv_prog_ac_ct_RANLIB=ranlib
ac_cv_prog_ac_ct_STRIP=strip
ac_cv_prog_cc_c89=
ac_cv_prog_cc_g=yes
ac_cv_prog_make_make_set=yes
ac_cv_prog_objc_g=no
ac_cv_sizeof_long=8
am_cv_CC_dependencies_compiler_type=gcc3
am_cv_OBJC_dependencies_compiler_type=gcc3
lt_cv_ar_at_file=@
lt_cv_archive_cmds_need_lc=no
lt_cv_deplibs_check_method=pass_all
lt_cv_file_magic_cmd='$MAGIC_CMD'
lt_cv_file_magic_test_file=
lt_cv_ld_reload_flag=-r
lt_cv_nm_interface='BSD nm'
lt_cv_objdir=.libs
lt_cv_path_LD=/usr/bin/ld
lt_cv_path_NM='/usr/bin/nm -B'
lt_cv_path_mainfest_tool=no
lt_cv_prog_compiler_c_o=yes
lt_cv_prog_compiler_pic='-fPIC -DPIC'
lt_cv_prog_compiler_pic_works=yes
lt_cv_prog_compiler_rtti_exceptions=no
lt_cv_prog_compiler_static_works=yes
lt_cv_prog_gnu_ld=yes
lt_cv_sharedlib_from_linklib_cmd='printf %s\n'
lt_cv_shlibpath_overrides_runpath=no
lt_cv_sys_global_symbol_pipe='sed -n -e '\''s/^.*[	 ]\([ABCDGIRSTW][ABCDGIRSTW]*\)[	 ][	 ]*\([_A-Za-z][_A-Za-z0-9]*\)$/\1 \2 \2/p'\'' | sed '\''/ __gnu_lto/d'\'''
lt_cv_sys_global_symbol_to_c_name_address='sed -n -e '\''s/^: \([^ ]*\)[ ]*$/  {\"\1\", (void *) 0},/p'\'' -e '\''s/^[ABCDGIRSTW]* \([^ ]*\) \([^ ]*\)$/  {"\2", (void *) \&\2},/p'\'''
lt_cv_sys_global_symbol_to_c_name_address_lib_prefix='sed -n -e '\''s/^: \([^ ]*\)[ ]*$/  {\"\1\", (void *) 0},/p'\'' -e '\''s/^[ABCDGIRSTW]* \([^ ]*\) \(lib[^ ]*\)$/  {"\2", (void *) \&\2},/p'\'' -e '\''s/^[ABCDGIRSTW]* \([^ ]*\) \([^ ]*\)$/  {"lib\2", (void *) \&\2},/p'\'''
lt_cv_sys_global_symbol_to_cdecl='sed -n -e '\''s/^T .* \(.*\)$/extern int \1();/p'\'' -e '\''s/^[ABCDGIRSTW]* .* \(.*\)$/extern char \1;/p'\'''
lt_cv_sys_max_cmd_len=1572864
lt_cv_to_host_file_cmd=func_convert_file_noop
lt_cv_to_tool_file_cmd=func_convert_file_noop

## ----------------- ##
## Output variables. ##
## ----------------- ##

ACLOCAL='${SHELL} /home/isel/Build/libpg2/libgraph/SDL2_gfx-1.0.1/missing --run aclocal-1.11'
AMDEPBACKSLASH='\'
AMDEP_FALSE='#'
AMDEP_TRUE=''
AMTAR='${SHELL} /home/isel/Build/libpg2/libgraph/SDL2_gfx-1.0.1/missing --run tar'
AR='ar'
AS='as'
AUTOCONF='${SHELL} /home/isel/Build/libpg2/libgraph/SDL2_gfx-1.0.1/missing --run autoconf'
AUTOHEADER='${SHELL} /home/isel/Build/libpg2/libgraph/SDL2_gfx-1.0.1/missing --run autoheader'
AUTOMAKE='${SHELL} /home/isel/Build/libpg2/libgraph/SDL2_gfx-1.0.1/missing --run automake-1.11'
AWK='mawk'
BINARY_AGE='1'
CC='gcc'
CCDEPMODE='depmode=gcc3'
CFLAGS='-g -O2 -O -DUSE_MMX -I/usr/local/include/SDL2 -D_REENTRANT'
CPP='gcc -E'
CPPFLAGS=''
CYGPATH_W='echo'
DEFS='-DPACKAGE_NAME=\"\" -DPACKAGE_TARNAME=\"\" -DPACKAGE_VERSION=\"\" -DPACKAGE_STRING=\"\" -DPACKAGE_BUGREPORT=\"\" -DPACKAGE_URL=\"\" -DSTDC_HEADERS=1 -DHAVE_SYS_TYPES_H=1 -DHAVE_SYS_STAT_H=1 -DHAVE_STDLIB_H=1 -DHAVE_STRING_H=1 -DHAVE_MEMORY_H=1 -DHAVE_STRINGS_H=1 -DHAVE_INTTYPES_H=1 -DHAVE_STDINT_H=1 -DHAVE_UNISTD_H=1 -DHAVE_DLFCN_H=1 -DLT_OBJDIR=\".libs/\" -DPACKAGE=\"SDL2_gfx\" -DVERSION=\"1.0.1\" -DSIZEOF_LONG=8'
DEPDIR='.deps'
DLLTOOL='false'
DSYMUTIL=''
DUMPBIN=''
ECHO_C=''
ECHO_N='-n'
ECHO_T=''
EGREP='/bin/grep -E'
EXEEXT=''
FGREP='/bin/grep -F'
GREP='/bin/grep'
INSTALL_DATA='${INSTALL} -m 644'
INSTALL_PROGRAM='${INSTALL}'
INSTALL_SCRIPT='${INSTALL}'
INSTALL_STRIP_PROGRAM='$(install_sh) -c -s'
INTERFACE_AGE='1'
LD='/usr/bin/ld -m elf_x86_64'
LDFLAGS=''
LIBOBJS=''
LIBS=' -L/usr/local/lib -Wl,-rpath,/usr/local/lib -lSDL2 -lpthread'
LIBTOOL='$(SHELL) $(top_builddir)/libtool'
LIPO=''
LN_S='ln -s'
LTLIBOBJS=''
LT_AGE='0'
LT_CURRENT='0'
LT_RELEASE='1.0'
LT_REVISION='1'
MAJOR_VERSION='1'
MAKEINFO='${SHELL} /home/isel/Build/libpg2/libgraph/SDL2_gfx-1.0.1/missing --run makeinfo'
MANIFEST_TOOL=':'
MICRO_VERSION='1'
MINOR_VERSION='0'
MKDIR_P='/bin/mkdir -p'
NM='/usr/bin/nm -B'
NMEDIT=''
OBJC='gcc'
OBJCDEPMODE='depmode=gcc3'
OBJCFLAGS='-g -O2 -O -DUSE_MMX -I/usr/local/include/SDL2 -D_REENTRANT'
OBJDUMP='objdump'
OBJEXT='o'
OTOOL64=''
OTOOL=''
PACKAGE='SDL2_gfx'
PACKAGE_BUGREPORT=''
PACKAGE_NAME=''
PACKAGE_STRING=''
PACKAGE_TARNAME=''
PACKAGE_URL=''
PACKAGE_VERSION=''
PATH_SEPARATOR=':'
PKG_CONFIG=''
RANLIB='ranlib'
SDL_CFLAGS='-I/usr/local/include/SDL2 -D_REENTRANT'
SDL_CONFIG='/usr/local/bin/sdl2-config'
SDL_LIBS='-L/usr/local/lib -Wl,-rpath,/usr/local/lib -lSDL2 -lpthread'
SDL_VERSION='2.0.0'
SED='/bin/sed'
SET_MAKE=''
SHELL='/bin/bash'
STRIP='strip'
VERSION='1.0.1'
WINDRES=''
ac_ct_AR='ar'
ac_ct_CC='gcc'
ac_ct_DUMPBIN=''
ac_ct_OBJC='gcc'
am__EXEEXT_FALSE=''
am__EXEEXT_TRUE='#'
am__fastdepCC_FALSE='#'
am__fastdepCC_TRUE=''
am__fastdepOBJC_FALSE='#'
am__fastdepOBJC_TRUE=''
am__include='include'
am__isrc=''
am__leading_dot='.'
am__quote=''
am__tar='${AMTAR} chof - "$$tardir"'
am__untar='${AMTAR} xf -'
bindir='${exec_prefix}/bin'
build='x86_64-unknown-linux-gnu'
build_alias=''
build_cpu='x86_64'
build_os='linux-gnu'
build_vendor='unknown'
datadir='${datarootdir}'
datarootdir='${prefix}/share'
docdir='${datarootdir}/doc/${PACKAGE}'
dvidir='${docdir}'
exec_prefix='${prefix}'
host='x86_64-unknown-linux-gnu'
host_alias=''
host_cpu='x86_64'
host_os='linux-gnu'
host_vendor='unknown'
htmldir='${docdir}'
includedir='${prefix}/include'
infodir='${datarootdir}/info'
install_sh='${SHELL} /home/isel/Build/libpg2/libgraph/SDL2_gfx-1.0.1/install-sh'
libdir='${exec_prefix}/lib'
libexecdir='${exec_prefix}/libexec'
localedir='${datarootdir}/locale'
localstatedir='${prefix}/var'
mandir='${datarootdir}/man'
mkdir_p='/bin/mkdir -p'
oldincludedir='/usr/include'
pdfdir='${docdir}'
prefix='/usr/local'
program_transform_name='s,x,x,'
psdir='${docdir}'
sbindir='${exec_prefix}/sbin'
sharedstatedir='${prefix}/com'
sysconfdir='${prefix}/etc'
target_alias=''

## ----------- ##
## confdefs.h. ##
## ----------- ##

/* confdefs.h */
#define PACKAGE_NAME ""
#define PACKAGE_TARNAME ""
#define PACKAGE_VERSION ""
#define PACKAGE_STRING ""
#define PACKAGE_BUGREPORT ""
#define PACKAGE_URL ""
#define STDC_HEADERS 1
#define HAVE_SYS_TYPES_H 1
#define HAVE_SYS_STAT_H 1
#define HAVE_STDLIB_H 1
#define HAVE_STRING_H 1
#define HAVE_MEMORY_H 1
#define HAVE_STRINGS_H 1
#define HAVE_INTTYPES_H 1
#define HAVE_STDINT_H 1
#define HAVE_UNISTD_H 1
#define HAVE_DLFCN_H 1
#define LT_OBJDIR ".libs/"
#define PACKAGE "SDL2_gfx"
#define VERSION "1.0.1"
#define SIZEOF_LONG 8

configure: exit 0
